OneSDK/build/outputs/logs/manifest-merger-debug-report.txt
-- Merging decision tree log ---
manifest
ADDED from NPJ\OneSDK\AndroidManifest.xml:2:1-192:12
INJECTED from NPJ\OneSDK\AndroidManifest.xml:2:1-192:12
INJECTED from NPJ\OneSDK\AndroidManifest.xml:2:1-192:12
INJECTED from NPJ\OneSDK\AndroidManifest.xml:2:1-192:12
INJECTED from NPJ\OneSDK\AndroidManifest.xml:2:1-192:12
INJECTED from NPJ\OneSDK\AndroidManifest.xml:2:1-192:12
INJECTED from NPJ\OneSDK\AndroidManifest.xml:2:1-192:12
	package
		ADDED from NPJ\OneSDK\AndroidManifest.xml:4:5-38
		INJECTED from NPJ\OneSDK\AndroidManifest.xml
		INJECTED from NPJ\OneSDK\AndroidManifest.xml
	android:versionName
		ADDED from NPJ\OneSDK\AndroidManifest.xml:6:5-30
		INJECTED from NPJ\OneSDK\AndroidManifest.xml
		INJECTED from NPJ\OneSDK\AndroidManifest.xml
	xmlns:tools
		ADDED from NPJ\OneSDK\AndroidManifest.xml:3:5-51
	xmlns:android
		ADDED from NPJ\OneSDK\AndroidManifest.xml:2:11-69
	android:versionCode
		ADDED from NPJ\OneSDK\AndroidManifest.xml:5:5-28
		INJECTED from NPJ\OneSDK\AndroidManifest.xml
		INJECTED from NPJ\OneSDK\AndroidManifest.xml
uses-permission#android.permission.WRITE_EXTERNAL_STORAGE
ADDED from NPJ\OneSDK\AndroidManifest.xml:9:5-81
	android:name
		ADDED from NPJ\OneSDK\AndroidManifest.xml:9:22-78
uses-permission#android.permission.READ_EXTERNAL_STORAGE
ADDED from NPJ\OneSDK\AndroidManifest.xml:10:5-80
	android:name
		ADDED from NPJ\OneSDK\AndroidManifest.xml:10:22-77
uses-permission#android.permission.ACCESS_NETWORK_STATE
ADDED from NPJ\OneSDK\AndroidManifest.xml:11:5-79
	android:name
		ADDED from NPJ\OneSDK\AndroidManifest.xml:11:22-76
uses-permission#android.permission.ACCESS_WIFI_STATE
ADDED from NPJ\OneSDK\AndroidManifest.xml:12:5-76
	android:name
		ADDED from NPJ\OneSDK\AndroidManifest.xml:12:22-73
uses-permission#android.permission.READ_PHONE_STATE
ADDED from NPJ\OneSDK\AndroidManifest.xml:13:5-75
	android:name
		ADDED from NPJ\OneSDK\AndroidManifest.xml:13:22-72
uses-permission#android.permission.READ_SETTINGS
ADDED from NPJ\OneSDK\AndroidManifest.xml:14:5-72
	android:name
		ADDED from NPJ\OneSDK\AndroidManifest.xml:14:22-69
uses-permission#android.permission.WRITE_SETTINGS
ADDED from NPJ\OneSDK\AndroidManifest.xml:15:5-73
	android:name
		ADDED from NPJ\OneSDK\AndroidManifest.xml:15:22-70
uses-permission#android.permission.INTERNET
ADDED from NPJ\OneSDK\AndroidManifest.xml:16:5-67
	android:name
		ADDED from NPJ\OneSDK\AndroidManifest.xml:16:22-64
uses-permission#android.permission.GET_TASKS
ADDED from NPJ\OneSDK\AndroidManifest.xml:17:5-68
	android:name
		ADDED from NPJ\OneSDK\AndroidManifest.xml:17:22-65
uses-permission#android.permission.RECORD_AUDIO
ADDED from NPJ\OneSDK\AndroidManifest.xml:18:5-71
	android:name
		ADDED from NPJ\OneSDK\AndroidManifest.xml:18:22-68
uses-permission#android.permission.WAKE_LOCK
ADDED from NPJ\OneSDK\AndroidManifest.xml:19:5-68
	android:name
		ADDED from NPJ\OneSDK\AndroidManifest.xml:19:22-65
uses-permission#android.permission.MODIFY_AUDIO_SETTINGS
ADDED from NPJ\OneSDK\AndroidManifest.xml:20:5-80
	android:name
		ADDED from NPJ\OneSDK\AndroidManifest.xml:20:22-77
uses-permission#android.permission.VIBRATE
ADDED from NPJ\OneSDK\AndroidManifest.xml:21:5-66
	android:name
		ADDED from NPJ\OneSDK\AndroidManifest.xml:21:22-63
uses-permission#android.permission.REQUEST_IGNORE_BATTERY_OPTIMIZATIONS
ADDED from NPJ\OneSDK\AndroidManifest.xml:22:5-95
	android:name
		ADDED from NPJ\OneSDK\AndroidManifest.xml:22:22-92
uses-permission#com.sec.android.provider.badge.permission.READ
ADDED from NPJ\OneSDK\AndroidManifest.xml:26:5-86
	android:name
		ADDED from NPJ\OneSDK\AndroidManifest.xml:26:22-83
uses-permission#com.sec.android.provider.badge.permission.WRITE
ADDED from NPJ\OneSDK\AndroidManifest.xml:27:5-87
	android:name
		ADDED from NPJ\OneSDK\AndroidManifest.xml:27:22-84
uses-permission#com.htc.launcher.permission.READ_SETTINGS
ADDED from NPJ\OneSDK\AndroidManifest.xml:28:5-81
	android:name
		ADDED from NPJ\OneSDK\AndroidManifest.xml:28:22-78
uses-permission#com.htc.launcher.permission.UPDATE_SHORTCUT
ADDED from NPJ\OneSDK\AndroidManifest.xml:29:5-83
	android:name
		ADDED from NPJ\OneSDK\AndroidManifest.xml:29:22-80
uses-permission#com.sonyericsson.home.permission.BROADCAST_BADGE
ADDED from NPJ\OneSDK\AndroidManifest.xml:30:5-88
	android:name
		ADDED from NPJ\OneSDK\AndroidManifest.xml:30:22-85
uses-permission#com.anddoes.launcher.permission.UPDATE_COUNT
ADDED from NPJ\OneSDK\AndroidManifest.xml:31:5-84
	android:name
		ADDED from NPJ\OneSDK\AndroidManifest.xml:31:22-81
uses-permission#com.majeur.launcher.permission.UPDATE_BADGE
ADDED from NPJ\OneSDK\AndroidManifest.xml:32:5-83
	android:name
		ADDED from NPJ\OneSDK\AndroidManifest.xml:32:22-80
uses-permission#com.huawei.android.launcher.permission.READ_SETTINGS
ADDED from NPJ\OneSDK\AndroidManifest.xml:33:5-91
	android:name
		ADDED from NPJ\OneSDK\AndroidManifest.xml:33:22-89
uses-permission#com.huawei.android.launcher.permission.WRITE_SETTINGS
ADDED from NPJ\OneSDK\AndroidManifest.xml:34:5-92
	android:name
		ADDED from NPJ\OneSDK\AndroidManifest.xml:34:22-90
uses-permission#com.huawei.android.launcher.permission.CHANGE_BADGE
ADDED from NPJ\OneSDK\AndroidManifest.xml:35:5-90
	android:name
		ADDED from NPJ\OneSDK\AndroidManifest.xml:35:22-88
uses-permission#android.permission.SYSTEM_ALERT_WINDOW
ADDED from NPJ\OneSDK\AndroidManifest.xml:39:5-78
	android:name
		ADDED from NPJ\OneSDK\AndroidManifest.xml:39:22-75
application
ADDED from NPJ\OneSDK\AndroidManifest.xml:42:5-190:19
	android:allowBackup
		ADDED from NPJ\OneSDK\AndroidManifest.xml:43:9-35
	tools:replace
		ADDED from NPJ\OneSDK\AndroidManifest.xml:44:9-44
activity#com.alibaba.mobileim.ui.WxChattingActvity
ADDED from NPJ\OneSDK\AndroidManifest.xml:50:9-56:70
	android:screenOrientation
		ADDED from NPJ\OneSDK\AndroidManifest.xml:53:13-49
	android:launchMode
		ADDED from NPJ\OneSDK\AndroidManifest.xml:54:13-43
	android:windowSoftInputMode
		ADDED from NPJ\OneSDK\AndroidManifest.xml:56:13-67
	android:configChanges
		ADDED from NPJ\OneSDK\AndroidManifest.xml:52:13-63
	android:theme
		ADDED from NPJ\OneSDK\AndroidManifest.xml:55:13-69
	android:name
		ADDED from NPJ\OneSDK\AndroidManifest.xml:51:13-69
activity#com.alibaba.mobileim.ui.WxConversationActivity
ADDED from NPJ\OneSDK\AndroidManifest.xml:59:9-64:69
	android:screenOrientation
		ADDED from NPJ\OneSDK\AndroidManifest.xml:62:13-49
	android:launchMode
		ADDED from NPJ\OneSDK\AndroidManifest.xml:63:13-43
	android:configChanges
		ADDED from NPJ\OneSDK\AndroidManifest.xml:61:13-63
	android:theme
		ADDED from NPJ\OneSDK\AndroidManifest.xml:64:13-66
	android:name
		ADDED from NPJ\OneSDK\AndroidManifest.xml:60:13-74
activity#com.alibaba.mobileim.ui.chat.MultiImageActivity
ADDED from NPJ\OneSDK\AndroidManifest.xml:67:10-74:16
	android:screenOrientation
		ADDED from NPJ\OneSDK\AndroidManifest.xml:70:13-47
	android:launchMode
		ADDED from NPJ\OneSDK\AndroidManifest.xml:69:13-43
	android:hardwareAccelerated
		ADDED from NPJ\OneSDK\AndroidManifest.xml:73:14-49
	android:windowSoftInputMode
		ADDED from NPJ\OneSDK\AndroidManifest.xml:72:13-52
	android:theme
		ADDED from NPJ\OneSDK\AndroidManifest.xml:71:13-64
	android:name
		ADDED from NPJ\OneSDK\AndroidManifest.xml:68:13-75
activity#com.alibaba.mobileim.kit.imageviewer.ShowImageActivity
ADDED from NPJ\OneSDK\AndroidManifest.xml:76:9-82:50
	android:screenOrientation
		ADDED from NPJ\OneSDK\AndroidManifest.xml:79:13-49
	android:launchMode
		ADDED from NPJ\OneSDK\AndroidManifest.xml:78:13-43
	android:hardwareAccelerated
		ADDED from NPJ\OneSDK\AndroidManifest.xml:82:13-48
	android:windowSoftInputMode
		ADDED from NPJ\OneSDK\AndroidManifest.xml:81:13-52
	android:theme
		ADDED from NPJ\OneSDK\AndroidManifest.xml:80:13-64
	android:name
		ADDED from NPJ\OneSDK\AndroidManifest.xml:77:13-82
activity#com.alibaba.mobileim.ui.multi.lightservice.MultiPickGalleryActivity
ADDED from NPJ\OneSDK\AndroidManifest.xml:84:9-87:72
	android:screenOrientation
		ADDED from NPJ\OneSDK\AndroidManifest.xml:86:13-49
	android:configChanges
		ADDED from NPJ\OneSDK\AndroidManifest.xml:85:14-64
	android:theme
		ADDED from NPJ\OneSDK\AndroidManifest.xml:87:15-68
	android:name
		ADDED from NPJ\OneSDK\AndroidManifest.xml:84:19-101
activity#com.alibaba.mobileim.ui.FeedbackActvity
ADDED from NPJ\OneSDK\AndroidManifest.xml:90:9-96:70
	android:screenOrientation
		ADDED from NPJ\OneSDK\AndroidManifest.xml:93:13-49
	android:launchMode
		ADDED from NPJ\OneSDK\AndroidManifest.xml:94:13-43
	android:windowSoftInputMode
		ADDED from NPJ\OneSDK\AndroidManifest.xml:96:13-67
	android:configChanges
		ADDED from NPJ\OneSDK\AndroidManifest.xml:92:13-63
	android:theme
		ADDED from NPJ\OneSDK\AndroidManifest.xml:95:13-59
	android:name
		ADDED from NPJ\OneSDK\AndroidManifest.xml:91:13-67
service#com.alibaba.mobileim.appmonitor.tiptool.TooltipService
ADDED from NPJ\OneSDK\AndroidManifest.xml:100:3-102:14
	android:exported
		ADDED from NPJ\OneSDK\AndroidManifest.xml:101:79-103
	android:name
		ADDED from NPJ\OneSDK\AndroidManifest.xml:101:8-77
service#com.alibaba.tcms.service.TCMSService
ADDED from NPJ\OneSDK\AndroidManifest.xml:105:9-109:19
	android:process
		ADDED from NPJ\OneSDK\AndroidManifest.xml:108:13-43
	android:exported
		ADDED from NPJ\OneSDK\AndroidManifest.xml:107:13-36
	android:name
		ADDED from NPJ\OneSDK\AndroidManifest.xml:106:13-64
service#com.alibaba.tcms.service.WXKernalService
ADDED from NPJ\OneSDK\AndroidManifest.xml:111:9-113:19
	android:name
		ADDED from NPJ\OneSDK\AndroidManifest.xml:112:13-68
service#com.alibaba.tcms.service.ListenerService
ADDED from NPJ\OneSDK\AndroidManifest.xml:116:9-118:19
	android:exported
		ADDED from NPJ\OneSDK\AndroidManifest.xml:117:69-92
	android:name
		ADDED from NPJ\OneSDK\AndroidManifest.xml:117:13-68
activity#com.alibaba.mobileim.kit.CloudPwdSettingHintActivity
ADDED from NPJ\OneSDK\AndroidManifest.xml:121:9-126:69
	android:screenOrientation
		ADDED from NPJ\OneSDK\AndroidManifest.xml:125:13-49
	android:launchMode
		ADDED from NPJ\OneSDK\AndroidManifest.xml:124:13-43
	android:configChanges
		ADDED from NPJ\OneSDK\AndroidManifest.xml:123:13-63
	android:theme
		ADDED from NPJ\OneSDK\AndroidManifest.xml:126:13-66
	android:name
		ADDED from NPJ\OneSDK\AndroidManifest.xml:122:13-80
activity#com.alibaba.mobileim.login.WaitProgresssActivity
ADDED from NPJ\OneSDK\AndroidManifest.xml:129:9-85
	android:name
		ADDED from NPJ\OneSDK\AndroidManifest.xml:129:19-82
activity#com.alibaba.mobileim.ui.atmessage.AtMsgListActivity
ADDED from NPJ\OneSDK\AndroidManifest.xml:132:9-137:68
	android:screenOrientation
		ADDED from NPJ\OneSDK\AndroidManifest.xml:135:13-49
	android:launchMode
		ADDED from NPJ\OneSDK\AndroidManifest.xml:136:13-44
	android:configChanges
		ADDED from NPJ\OneSDK\AndroidManifest.xml:134:13-63
	android:theme
		ADDED from NPJ\OneSDK\AndroidManifest.xml:137:13-66
	android:name
		ADDED from NPJ\OneSDK\AndroidManifest.xml:133:13-79
activity#com.alibaba.mobileim.ui.atmessage.SendAtMessageDetailActivity
ADDED from NPJ\OneSDK\AndroidManifest.xml:139:9-144:68
	android:screenOrientation
		ADDED from NPJ\OneSDK\AndroidManifest.xml:143:13-49
	android:launchMode
		ADDED from NPJ\OneSDK\AndroidManifest.xml:142:13-44
	android:configChanges
		ADDED from NPJ\OneSDK\AndroidManifest.xml:141:13-63
	android:theme
		ADDED from NPJ\OneSDK\AndroidManifest.xml:144:13-66
	android:name
		ADDED from NPJ\OneSDK\AndroidManifest.xml:140:13-89
activity#com.alibaba.mobileim.kit.chat.SelectTribeMemberActivity
ADDED from NPJ\OneSDK\AndroidManifest.xml:146:9-151:70
	android:screenOrientation
		ADDED from NPJ\OneSDK\AndroidManifest.xml:149:13-49
	android:windowSoftInputMode
		ADDED from NPJ\OneSDK\AndroidManifest.xml:151:13-67
	android:configChanges
		ADDED from NPJ\OneSDK\AndroidManifest.xml:148:13-63
	android:theme
		ADDED from NPJ\OneSDK\AndroidManifest.xml:150:13-66
	android:name
		ADDED from NPJ\OneSDK\AndroidManifest.xml:147:13-83
activity#com.alibaba.mobileim.kit.chat.EnlargeChattingTextActivity
ADDED from NPJ\OneSDK\AndroidManifest.xml:154:9-158:70
	android:windowSoftInputMode
		ADDED from NPJ\OneSDK\AndroidManifest.xml:158:13-67
	android:configChanges
		ADDED from NPJ\OneSDK\AndroidManifest.xml:156:13-63
	android:theme
		ADDED from NPJ\OneSDK\AndroidManifest.xml:157:13-60
	android:name
		ADDED from NPJ\OneSDK\AndroidManifest.xml:155:13-85
activity#com.alibaba.tcms.service.MonitorActivity
ADDED from NPJ\OneSDK\AndroidManifest.xml:161:9-166:64
	android:process
		ADDED from NPJ\OneSDK\AndroidManifest.xml:165:13-43
	android:launchMode
		ADDED from NPJ\OneSDK\AndroidManifest.xml:164:13-48
	android:exported
		ADDED from NPJ\OneSDK\AndroidManifest.xml:163:13-36
	android:theme
		ADDED from NPJ\OneSDK\AndroidManifest.xml:166:13-61
	android:name
		ADDED from NPJ\OneSDK\AndroidManifest.xml:162:13-68
activity#com.alibaba.mobileim.kit.video.IMPlayVideoDetailActivity
ADDED from NPJ\OneSDK\AndroidManifest.xml:168:9-187:20
	android:screenOrientation
		ADDED from NPJ\OneSDK\AndroidManifest.xml:171:13-49
	android:configChanges
		ADDED from NPJ\OneSDK\AndroidManifest.xml:170:13-63
	android:theme
		ADDED from NPJ\OneSDK\AndroidManifest.xml:172:13-60
	android:name
		ADDED from NPJ\OneSDK\AndroidManifest.xml:169:13-84
intent-filter#action:name:android.intent.action.VIEW+category:name:android.intent.category.BROWSABLE+category:name:android.intent.category.DEFAULT+data:host:svideo.m.taobao.com+data:host:svideo.m.taobao.com+data:path:/av/implayer.html+data:path:/av/implayer.html+data:path:/av/implayer.html+data:scheme:http+data:scheme:https
ADDED from NPJ\OneSDK\AndroidManifest.xml:173:13-186:29
action#android.intent.action.VIEW
ADDED from NPJ\OneSDK\AndroidManifest.xml:174:17-69
	android:name
		ADDED from NPJ\OneSDK\AndroidManifest.xml:174:25-66
category#android.intent.category.DEFAULT
ADDED from NPJ\OneSDK\AndroidManifest.xml:175:17-76
	android:name
		ADDED from NPJ\OneSDK\AndroidManifest.xml:175:27-73
category#android.intent.category.BROWSABLE
ADDED from NPJ\OneSDK\AndroidManifest.xml:176:17-78
	android:name
		ADDED from NPJ\OneSDK\AndroidManifest.xml:176:27-75
data
ADDED from NPJ\OneSDK\AndroidManifest.xml:177:17-180:45
	android:path
		ADDED from NPJ\OneSDK\AndroidManifest.xml:179:21-53
	android:host
		ADDED from NPJ\OneSDK\AndroidManifest.xml:178:21-55
	android:scheme
		ADDED from NPJ\OneSDK\AndroidManifest.xml:180:21-42
activity#com.alibaba.mobileim.appmonitor.floatview.FloatViewActivity
ADDED from NPJ\OneSDK\AndroidManifest.xml:189:9-95
	android:name
		ADDED from NPJ\OneSDK\AndroidManifest.xml:189:19-93
uses-sdk
INJECTED from NPJ\OneSDK\AndroidManifest.xml reason: use-sdk injection requested
INJECTED from NPJ\OneSDK\AndroidManifest.xml
INJECTED from NPJ\OneSDK\AndroidManifest.xml
INJECTED from NPJ\OneSDK\AndroidManifest.xml
INJECTED from NPJ\OneSDK\AndroidManifest.xml
	android:targetSdkVersion
		INJECTED from NPJ\OneSDK\AndroidManifest.xml
		ADDED from NPJ\OneSDK\AndroidManifest.xml
		INJECTED from NPJ\OneSDK\AndroidManifest.xml
	android:minSdkVersion
		INJECTED from NPJ\OneSDK\AndroidManifest.xml
		ADDED from NPJ\OneSDK\AndroidManifest.xml
		INJECTED from NPJ\OneSDK\AndroidManifest.xml